<?xml version="1.0" encoding="UTF-8" ?>
<testsuite tests="2" failures="0" name="io.cucumber.uniqa.RunCucumberTest" time="28.659" errors="0" skipped="2">
  <properties>
[...]
</properties>
  <testcase classname="Acessar o site da accenture e aceitar os cookies do LGPD" name="Aceitar o cookie LGPD" time="14.839">
    <skipped/>
    <system-out>
Cenario: Aceitar o cookie LGPD            &amp;#27;[90m# io/cucumber/uniqa/cookiesAccenture.feature:5&amp;#27;[0m
  &amp;#27;[32mDado &amp;#27;[0m&amp;#27;[32mque eu estou no site da accenture&amp;#27;[0m  &amp;#27;[90m# io.cucumber.uniqa.CookiesSteps.entrarNoSiteAccenture()&amp;#27;[0m
  &amp;#27;[33mE &amp;#27;[0m&amp;#27;[33maceito os termos LGPD&amp;#27;[0m                 &amp;#27;[90m# io.cucumber.uniqa.CookiesSteps.aceito_os_termos_LGPD()&amp;#27;[0m
      &amp;#27;[33mio.cucumber.java.PendingException: TODO: implement me
	at io.cucumber.uniqa.CookiesSteps.aceito_os_termos_LGPD(CookiesSteps.java:17)
	at ✽.aceito os termos LGPD(classpath:io/cucumber/uniqa/cookiesAccenture.feature:7)
&amp;#27;[0m
  &amp;#27;[36mEntao &amp;#27;[0m&amp;#27;[36mdeve fechar a caixa de informacao&amp;#27;[0m &amp;#27;[90m# io.cucumber.uniqa.CookiesSteps.deve_fechar_a_caixa_de_informacao()&amp;#27;[0m
</system-out>
    <system-err>mar 27, 2021 10:45:39 AM io.cucumber.junit.Cucumber &lt;init&gt;
ADVERTÊNCIA: By default Cucumber is running in --non-strict mode.
This default will change to --strict and --non-strict will be removed.
You can use --strict or @CucumberOptions(strict = true) to suppress this warning
Starting ChromeDriver 89.0.4389.23 (61b08ee2c50024bab004e48d2b1b083cdbdac579-refs/branch-heads/4389@{#294}) on port 15713
Only local connections are allowed.
Please see https://chromedriver.chromium.org/security-considerations for suggestions on keeping ChromeDriver safe.
ChromeDriver was started successfully.
mar 27, 2021 10:45:41 AM org.openqa.selenium.remote.ProtocolHandshake createSession
INFORMAÇÕES: Detected dialect: W3C
</system-err>
  </testcase>
  <testcase classname="Acessar o site da accenture e aceitar os cookies do LGPD" name="Configuracoes do cookie" time="13.82">
    <skipped/>
    <system-out>
Cenario: Configuracoes do cookie             &amp;#27;[90m# io/cucumber/uniqa/cookiesAccenture.feature:10&amp;#27;[0m
  &amp;#27;[32mDado &amp;#27;[0m&amp;#27;[32mque eu estou no site da accenture&amp;#27;[0m     &amp;#27;[90m# io.cucumber.uniqa.CookiesSteps.entrarNoSiteAccenture()&amp;#27;[0m
  &amp;#27;[33mE &amp;#27;[0m&amp;#27;[33maceito os termos LGPD&amp;#27;[0m                    &amp;#27;[90m# io.cucumber.uniqa.CookiesSteps.aceito_os_termos_LGPD()&amp;#27;[0m
      &amp;#27;[33mio.cucumber.java.PendingException: TODO: implement me
	at io.cucumber.uniqa.CookiesSteps.aceito_os_termos_LGPD(CookiesSteps.java:17)
	at ✽.aceito os termos LGPD(classpath:io/cucumber/uniqa/cookiesAccenture.feature:12)
&amp;#27;[0m
  &amp;#27;[36mE &amp;#27;[0m&amp;#27;[36mclico em configurações de cookie&amp;#27;[0m         &amp;#27;[90m# io.cucumber.uniqa.CookiesSteps.clico_em_configurações_de_cookie()&amp;#27;[0m
  &amp;#27;[36mEntao &amp;#27;[0m&amp;#27;[36mdevo ver o item de &amp;#27;[0m&amp;#27;[36m&amp;#27;[1m&quot;sua privacidade&quot;&amp;#27;[0m &amp;#27;[90m# io.cucumber.uniqa.CookiesSteps.devo_ver_o_item_de(java.lang.String)&amp;#27;[0m
  &amp;#27;[33mE &amp;#27;[0m&amp;#27;[33mdevo ver&amp;#27;[0m                                 &amp;#27;[90m# null&amp;#27;[0m
</system-out>
    <system-err>Starting ChromeDriver 89.0.4389.23 (61b08ee2c50024bab004e48d2b1b083cdbdac579-refs/branch-heads/4389@{#294}) on port 12022
Only local connections are allowed.
Please see https://chromedriver.chromium.org/security-considerations for suggestions on keeping ChromeDriver safe.
ChromeDriver was started successfully.
mar 27, 2021 10:45:55 AM org.openqa.selenium.remote.ProtocolHandshake createSession
INFORMAÇÕES: Detected dialect: W3C
</system-err>
  </testcase>
</testsuite>